0 info it worked if it ends with ok
1 verbose cli [ 'C:\\Program Files\\nodejs\\node.exe',
1 verbose cli   'C:\\Program Files\\nodejs\\node_modules\\npm\\bin\\npm-cli.js',
1 verbose cli   'run',
1 verbose cli   'start:dev' ]
2 info using npm@3.10.10
3 info using node@v6.9.4
4 verbose run-script [ 'prestart:dev', 'start:dev', 'poststart:dev' ]
5 info lifecycle rwa3@1.0.0~prestart:dev: rwa3@1.0.0
6 silly lifecycle rwa3@1.0.0~prestart:dev: no script for prestart:dev, continuing
7 info lifecycle rwa3@1.0.0~start:dev: rwa3@1.0.0
8 verbose lifecycle rwa3@1.0.0~start:dev: unsafe-perm in lifecycle true
9 verbose lifecycle rwa3@1.0.0~start:dev: PATH: C:\Program Files\nodejs\node_modules\npm\bin\node-gyp-bin;D:\SEO Helis\rwa\node_modules\.bin;C:\Users\Kompas\Downloads\cmder\bin;C:\Program Files\Git\bin;C:\Program Files\Git\usr\bin;C:\Program Files\Git\share\vim\vim74;C:\Users\Kompas\Downloads\cmder\vendor\conemu-maximus5;C:\Users\Kompas\Downloads\cmder\vendor\conemu-maximus5\ConEmu;C:\Windows\system32;C:\Windows;C:\Windows\System32\Wbem;C:\Windows\System32\WindowsPowerShell\v1.0\;C:\Program Files (x86)\NVIDIA Corporation\PhysX\Common;C:\Program Files (x86)\Windows Kits\8.1\Windows Performance Toolkit\;C:\Program Files\Microsoft SQL Server\110\Tools\Binn\;C:\Program Files (x86)\Microsoft SDKs\TypeScript\1.0\;C:\Program Files\Microsoft SQL Server\120\Tools\Binn\;C:\Program Files (x86)\Skype\Phone\;C:\Program Files (x86)\Microsoft SQL Server\100\Tools\Binn\;C:\Program Files (x86)\Microsoft SQL Server\100\DTS\Binn\;C:\Program Files (x86)\Microsoft SQL Server\100\Tools\Binn\VSShell\Common7\IDE\;C:\HashiCorp\Vagrant\bin;C:\Program Files\Git\cmd;C:\Python27;C:\Python27\Scripts;C:\Program Files\Microsoft SQL Server\130\Tools\Binn\;C:\Program Files\dotnet\;C:\Windows\System32\WindowsPowerShell\v1.0\;C:\Program Files\TortoiseGit\bin;C:\Program Files (x86)\Microsoft SQL Server\Client SDK\ODBC\130\Tools\Binn\;C:\Program Files (x86)\Microsoft SQL Server\130\Tools\Binn\;C:\Program Files (x86)\Microsoft SQL Server\130\DTS\Binn\;C:\Program Files (x86)\Microsoft SQL Server\130\Tools\Binn\ManagementStudio\;C:\sqlite;D:\QA Security\thc-hydra-windows-master;C:\Program Files\nodejs\;c:\Program Files (x86)\Redis\;c:\Program Files (x86)\Microsoft Visual Studio 12.0\VC\;C:\Users\Kompas\AppData\Roaming\npm;C:\Users\Kompas\Downloads\cmder
10 verbose lifecycle rwa3@1.0.0~start:dev: CWD: D:\SEO Helis\rwa
11 silly lifecycle rwa3@1.0.0~start:dev: Args: [ '/d /s /c',
11 silly lifecycle   'webpack-dev-server --port 5050 --content-base ./src' ]
12 silly lifecycle rwa3@1.0.0~start:dev: Returned: code: 3221225786  signal: null
13 info lifecycle rwa3@1.0.0~start:dev: Failed to exec start:dev script
14 verbose stack Error: rwa3@1.0.0 start:dev: `webpack-dev-server --port 5050 --content-base ./src`
14 verbose stack Exit status 3221225786
14 verbose stack     at EventEmitter.<anonymous> (C:\Program Files\nodejs\node_modules\npm\lib\utils\lifecycle.js:255:16)
14 verbose stack     at emitTwo (events.js:106:13)
14 verbose stack     at EventEmitter.emit (events.js:191:7)
14 verbose stack     at ChildProcess.<anonymous> (C:\Program Files\nodejs\node_modules\npm\lib\utils\spawn.js:40:14)
14 verbose stack     at emitTwo (events.js:106:13)
14 verbose stack     at ChildProcess.emit (events.js:191:7)
14 verbose stack     at maybeClose (internal/child_process.js:877:16)
14 verbose stack     at Process.ChildProcess._handle.onexit (internal/child_process.js:226:5)
15 verbose pkgid rwa3@1.0.0
16 verbose cwd D:\SEO Helis\rwa
17 error Windows_NT 6.1.7601
18 error argv "C:\\Program Files\\nodejs\\node.exe" "C:\\Program Files\\nodejs\\node_modules\\npm\\bin\\npm-cli.js" "run" "start:dev"
19 error node v6.9.4
20 error npm  v3.10.10
21 error code ELIFECYCLE
22 error rwa3@1.0.0 start:dev: `webpack-dev-server --port 5050 --content-base ./src`
22 error Exit status 3221225786
23 error Failed at the rwa3@1.0.0 start:dev script 'webpack-dev-server --port 5050 --content-base ./src'.
23 error Make sure you have the latest version of node.js and npm installed.
23 error If you do, this is most likely a problem with the rwa3 package,
23 error not with npm itself.
23 error Tell the author that this fails on your system:
23 error     webpack-dev-server --port 5050 --content-base ./src
23 error You can get information on how to open an issue for this project with:
23 error     npm bugs rwa3
23 error Or if that isn't available, you can get their info via:
23 error     npm owner ls rwa3
23 error There is likely additional logging output above.
24 verbose exit [ 1, true ]
